Watching for file changes with StatReloader
"GET / HTTP/1.1" 200 247
Not Found: /favicon.ico
"GET /favicon.ico HTTP/1.1" 404 2444
F:\Python\django\HomeWorkSite\HomeWorkapp1\views.py changed, reloading.
Watching for file changes with StatReloader
"GET / HTTP/1.1" 200 246
F:\Python\django\HomeWorkSite\HomeWorkapp1\views.py changed, reloading.
Watching for file changes with StatReloader
"GET / HTTP/1.1" 200 247
"GET /about/ HTTP/1.1" 200 285
Watching for file changes with StatReloader
Watching for file changes with StatReloader
Watching for file changes with StatReloader
Watching for file changes with StatReloader
Watching for file changes with StatReloader
Watching for file changes with StatReloader
Watching for file changes with StatReloader
"GET / HTTP/1.1" 200 247
Not Found: /favicon.ico
"GET /favicon.ico HTTP/1.1" 404 2444
Watching for file changes with StatReloader
Watching for file changes with StatReloader
Watching for file changes with StatReloader
"GET / HTTP/1.1" 200 247
Watching for file changes with StatReloader
Watching for file changes with StatReloader
"GET / HTTP/1.1" 200 1114
Not Found: /favicon.ico
"GET /favicon.ico HTTP/1.1" 404 2853
"GET /user/1 HTTP/1.1" 301 0
Internal Server Error: /user/1/
Traceback (most recent call last):
  File "F:\Python\django\HomeWorkSite\djangovenv\Lib\site-packages\django\db\backends\utils.py", line 89, in _execute
    return self.cursor.execute(sql, params)
           ^^^^^^^^^^^^^^^^^^^^^^^^^^^^^^^^
  File "F:\Python\django\HomeWorkSite\djangovenv\Lib\site-packages\django\db\backends\sqlite3\base.py", line 328, in execute
    return super().execute(query, params)
           ^^^^^^^^^^^^^^^^^^^^^^^^^^^^^^
sqlite3.OperationalError: no such table: HomeWorkapp3_user

The above exception was the direct cause of the following exception:

Traceback (most recent call last):
  File "F:\Python\django\HomeWorkSite\djangovenv\Lib\site-packages\django\core\handlers\exception.py", line 55, in inner
    response = get_response(request)
               ^^^^^^^^^^^^^^^^^^^^^
  File "F:\Python\django\HomeWorkSite\djangovenv\Lib\site-packages\django\core\handlers\base.py", line 197, in _get_response
    response = wrapped_callback(request, *callback_args, **callback_kwargs)
               ^^^^^^^^^^^^^^^^^^^^^^^^^^^^^^^^^^^^^^^^^^^^^^^^^^^^^^^^^^^^
  File "F:\Python\django\HomeWorkSite\HomeWorkapp3\views.py", line 15, in basket
    user = User.objects.filter(pk=user_id).first()
           ^^^^^^^^^^^^^^^^^^^^^^^^^^^^^^^^^^^^^^^
  File "F:\Python\django\HomeWorkSite\djangovenv\Lib\site-packages\django\db\models\query.py", line 1057, in first
    for obj in queryset[:1]:
  File "F:\Python\django\HomeWorkSite\djangovenv\Lib\site-packages\django\db\models\query.py", line 398, in __iter__
    self._fetch_all()
  File "F:\Python\django\HomeWorkSite\djangovenv\Lib\site-packages\django\db\models\query.py", line 1881, in _fetch_all
    self._result_cache = list(self._iterable_class(self))
                         ^^^^^^^^^^^^^^^^^^^^^^^^^^^^^^^^
  File "F:\Python\django\HomeWorkSite\djangovenv\Lib\site-packages\django\db\models\query.py", line 91, in __iter__
    results = compiler.execute_sql(
              ^^^^^^^^^^^^^^^^^^^^^
  File "F:\Python\django\HomeWorkSite\djangovenv\Lib\site-packages\django\db\models\sql\compiler.py", line 1562, in execute_sql
    cursor.execute(sql, params)
  File "F:\Python\django\HomeWorkSite\djangovenv\Lib\site-packages\django\db\backends\utils.py", line 102, in execute
    return super().execute(sql, params)
           ^^^^^^^^^^^^^^^^^^^^^^^^^^^^
  File "F:\Python\django\HomeWorkSite\djangovenv\Lib\site-packages\django\db\backends\utils.py", line 67, in execute
    return self._execute_with_wrappers(
           ^^^^^^^^^^^^^^^^^^^^^^^^^^^^
  File "F:\Python\django\HomeWorkSite\djangovenv\Lib\site-packages\django\db\backends\utils.py", line 80, in _execute_with_wrappers
    return executor(sql, params, many, context)
           ^^^^^^^^^^^^^^^^^^^^^^^^^^^^^^^^^^^^
  File "F:\Python\django\HomeWorkSite\djangovenv\Lib\site-packages\django\db\backends\utils.py", line 84, in _execute
    with self.db.wrap_database_errors:
  File "F:\Python\django\HomeWorkSite\djangovenv\Lib\site-packages\django\db\utils.py", line 91, in __exit__
    raise dj_exc_value.with_traceback(traceback) from exc_value
  File "F:\Python\django\HomeWorkSite\djangovenv\Lib\site-packages\django\db\backends\utils.py", line 89, in _execute
    return self.cursor.execute(sql, params)
           ^^^^^^^^^^^^^^^^^^^^^^^^^^^^^^^^
  File "F:\Python\django\HomeWorkSite\djangovenv\Lib\site-packages\django\db\backends\sqlite3\base.py", line 328, in execute
    return super().execute(query, params)
           ^^^^^^^^^^^^^^^^^^^^^^^^^^^^^^
django.db.utils.OperationalError: no such table: HomeWorkapp3_user
"GET /user/1/ HTTP/1.1" 500 137208
Watching for file changes with StatReloader
"GET / HTTP/1.1" 200 1114
"GET /user/1/ HTTP/1.1" 200 194
"GET /user/2/ HTTP/1.1" 200 194
"GET /user/2/ HTTP/1.1" 200 223
Watching for file changes with StatReloader
"GET / HTTP/1.1" 200 1114
"GET /user/1/ HTTP/1.1" 200 223
"GET /user/2 HTTP/1.1" 301 0
"GET /user/2/ HTTP/1.1" 200 651
"GET /user/5 HTTP/1.1" 301 0
"GET /user/5/ HTTP/1.1" 200 651
"GET /user/5/ HTTP/1.1" 200 658
"GET /user_sorted/5/1 HTTP/1.1" 301 0
"GET /user_sorted/5/1/ HTTP/1.1" 200 567
"GET /user_sorted/8/12/ HTTP/1.1" 200 271
"GET /user_sorted/8/1/ HTTP/1.1" 200 270
"GET /user_sorted/9/1/ HTTP/1.1" 200 270
"GET /user_sorted/10/1/ HTTP/1.1" 200 270
"GET /user_sorted/3/1/ HTTP/1.1" 200 766
Watching for file changes with StatReloader
"GET /user_sorted/10/1/ HTTP/1.1" 200 270
"GET /user_sorted/11/1/ HTTP/1.1" 200 271
"GET /user_sorted/12/1/ HTTP/1.1" 200 270
"GET /user_sorted/38/1/ HTTP/1.1" 200 265
"GET /user_sorted/1/1/ HTTP/1.1" 200 265
"GET /user_sorted/3/1/ HTTP/1.1" 200 766
"GET /user_sorted/3/12/ HTTP/1.1" 200 767
"GET /user_sorted/4/12/ HTTP/1.1" 200 271
"GET /user_sorted/8/12/ HTTP/1.1" 200 271
Watching for file changes with StatReloader
"GET / HTTP/1.1" 200 637
Not Found: /favicon.ico
"GET /favicon.ico HTTP/1.1" 404 2853
Not Found: /HomeWorkapp3/product_update_id
"GET /HomeWorkapp3/product_update_id HTTP/1.1" 404 2910
F:\Python\django\HomeWorkSite\HomeWorkapp3\urls.py changed, reloading.
Watching for file changes with StatReloader
F:\Python\django\HomeWorkSite\HomeWorkapp3\urls.py changed, reloading.
Watching for file changes with StatReloader
"GET / HTTP/1.1" 200 637
Not Found: /HomeWorkapp3/product_update_id
"GET /HomeWorkapp3/product_update_id HTTP/1.1" 404 3308
Watching for file changes with StatReloader
"GET / HTTP/1.1" 200 637
Not Found: /HomeWorkapp3/product_update_id
"GET /HomeWorkapp3/product_update_id HTTP/1.1" 404 3308
"GET / HTTP/1.1" 200 1586
Not Found: /homework4/product_update_id
"GET /homework4/product_update_id HTTP/1.1" 404 3299
"GET / HTTP/1.1" 200 1585
Not Found: /HomeWorkapp3/product_update_id
"GET /HomeWorkapp3/product_update_id HTTP/1.1" 404 3308
"GET / HTTP/1.1" 200 1572
"GET /product_update_id HTTP/1.1" 301 0
"GET /product_update_id/ HTTP/1.1" 200 1288
"POST /product_update_id/ HTTP/1.1" 302 0
Not Found: /HomeWorkapp3/product_update/6
"GET /HomeWorkapp3/product_update/6 HTTP/1.1" 404 3305
F:\Python\django\HomeWorkSite\HomeWorkapp3\views.py changed, reloading.
Watching for file changes with StatReloader
"GET /product_update_id/ HTTP/1.1" 200 1288
"POST /product_update_id/ HTTP/1.1" 302 0
"GET /product_update/4 HTTP/1.1" 200 1304
"GET /product_update_id/ HTTP/1.1" 200 1288
"GET / HTTP/1.1" 200 1664
Watching for file changes with StatReloader
"GET / HTTP/1.1" 200 1664
Not Found: /favicon.ico
"GET /favicon.ico HTTP/1.1" 404 3251
"GET /admin HTTP/1.1" 301 0
"GET /admin/ HTTP/1.1" 302 0
"GET /admin/login/?next=/admin/ HTTP/1.1" 200 4181
"GET /static/admin/css/nav_sidebar.css HTTP/1.1" 200 2694
"GET /static/admin/js/nav_sidebar.js HTTP/1.1" 200 3063
"GET /static/admin/js/nav_sidebar.js HTTP/1.1" 200 3063
"GET /static/admin/css/login.css HTTP/1.1" 200 958
"GET /static/admin/css/base.css HTTP/1.1" 200 21207
"GET /static/admin/css/responsive.css HTTP/1.1" 200 18533
"GET /static/admin/css/dark_mode.css HTTP/1.1" 200 2929
"GET /static/admin/js/theme.js HTTP/1.1" 200 1943
"GET /static/admin/js/theme.js HTTP/1.1" 200 1943
F:\Python\django\HomeWorkSite\HomeWorkSite\settings.py changed, reloading.
Watching for file changes with StatReloader
"GET /admin/login/?next=/admin/ HTTP/1.1" 200 4267
Watching for file changes with StatReloader
"GET /admin/login/?next=/admin/ HTTP/1.1" 200 4267
"POST /admin/login/?next=/admin/ HTTP/1.1" 302 0
"GET /admin/ HTTP/1.1" 200 5852
"GET /static/admin/css/dashboard.css HTTP/1.1" 200 441
"GET /static/admin/img/icon-addlink.svg HTTP/1.1" 200 331
"GET /static/admin/img/icon-changelink.svg HTTP/1.1" 200 380
"GET /admin/auth/group/ HTTP/1.1" 200 7641
"GET /admin/jsi18n/ HTTP/1.1" 200 16066
"GET /static/admin/js/jquery.init.js HTTP/1.1" 200 347
"GET /static/admin/css/changelists.css HTTP/1.1" 200 6566
"GET /static/admin/js/core.js HTTP/1.1" 200 5682
"GET /static/admin/js/admin/RelatedObjectLookups.js HTTP/1.1" 200 8943
"GET /static/admin/js/urlify.js HTTP/1.1" 200 7887
"GET /static/admin/js/actions.js HTTP/1.1" 200 7872
"GET /static/admin/js/prepopulate.js HTTP/1.1" 200 1531
"GET /static/admin/js/vendor/jquery/jquery.js HTTP/1.1" 200 292458
"GET /static/admin/js/filters.js HTTP/1.1" 200 978
"GET /static/admin/js/vendor/xregexp/xregexp.js HTTP/1.1" 200 232381
"GET /static/admin/img/search.svg HTTP/1.1" 200 458
"GET /static/admin/img/tooltag-add.svg HTTP/1.1" 200 331
"GET /admin/auth/user/ HTTP/1.1" 200 11305
"GET /admin/jsi18n/ HTTP/1.1" 200 16066
"GET /static/admin/js/jquery.init.js HTTP/1.1" 200 347
"GET /static/admin/js/admin/RelatedObjectLookups.js HTTP/1.1" 200 8943
"GET /static/admin/js/urlify.js HTTP/1.1" 200 7887
"GET /static/admin/js/actions.js HTTP/1.1" 200 7872
"GET /static/admin/js/core.js HTTP/1.1" 200 5682
"GET /static/admin/js/prepopulate.js HTTP/1.1" 200 1531
"GET /static/admin/js/vendor/jquery/jquery.js HTTP/1.1" 200 292458
"GET /admin/jsi18n/ HTTP/1.1" 200 16066
"GET /static/admin/js/vendor/xregexp/xregexp.js HTTP/1.1" 200 232381
"GET /static/admin/img/icon-yes.svg HTTP/1.1" 200 436
"GET /static/admin/img/sorting-icons.svg HTTP/1.1" 200 1097
"GET /static/admin/js/filters.js HTTP/1.1" 200 978
"GET /admin/auth/group/ HTTP/1.1" 200 7641
"GET /admin/jsi18n/ HTTP/1.1" 200 16066
"GET /admin/jsi18n/ HTTP/1.1" 200 16066
"GET /admin/auth/user/ HTTP/1.1" 200 11305
"GET /admin/jsi18n/ HTTP/1.1" 200 16066
"GET /admin/jsi18n/ HTTP/1.1" 200 16066
"GET /admin/ HTTP/1.1" 200 5852
"GET /admin/auth/group/ HTTP/1.1" 200 7641
"GET /admin/jsi18n/ HTTP/1.1" 200 16066
"GET /admin/jsi18n/ HTTP/1.1" 200 16066
"GET /admin/ HTTP/1.1" 200 5852
"GET /admin/auth/user/ HTTP/1.1" 200 11305
"GET /admin/jsi18n/ HTTP/1.1" 200 16066
"GET /admin/jsi18n/ HTTP/1.1" 200 16066
"GET /admin/auth/user/add/ HTTP/1.1" 200 10988
"GET /admin/jsi18n/ HTTP/1.1" 200 16066
"GET /static/admin/css/forms.css HTTP/1.1" 200 9047
"GET /static/admin/js/prepopulate_init.js HTTP/1.1" 200 586
"GET /static/admin/js/prepopulate_init.js HTTP/1.1" 200 586
"GET /admin/jsi18n/ HTTP/1.1" 200 16066
"GET /static/admin/css/widgets.css HTTP/1.1" 200 11900
"GET /static/admin/js/change_form.js HTTP/1.1" 200 606
"GET /static/admin/js/change_form.js HTTP/1.1" 200 606
"GET /admin/auth/user/ HTTP/1.1" 200 11305
"GET /admin/jsi18n/ HTTP/1.1" 200 16066
"GET /admin/auth/user/1/change/ HTTP/1.1" 200 23352
"GET /admin/jsi18n/ HTTP/1.1" 200 16066
"GET /static/admin/js/calendar.js HTTP/1.1" 200 8466
"GET /static/admin/js/admin/DateTimeShortcuts.js HTTP/1.1" 200 19319
"GET /static/admin/js/SelectBox.js HTTP/1.1" 200 4530
"GET /static/admin/js/SelectFilter2.js HTTP/1.1" 200 15292
"GET /static/admin/js/admin/DateTimeShortcuts.js HTTP/1.1" 200 19319
"GET /static/admin/js/SelectBox.js HTTP/1.1" 200 4530
"GET /admin/jsi18n/ HTTP/1.1" 200 16066
"GET /static/admin/js/calendar.js HTTP/1.1" 200 8466
"GET /static/admin/js/SelectFilter2.js HTTP/1.1" 200 15292
"GET /static/admin/img/icon-clock.svg HTTP/1.1" 200 677
"GET /static/admin/img/icon-unknown-alt.svg HTTP/1.1" 200 655
"GET /static/admin/img/icon-calendar.svg HTTP/1.1" 200 1086
"GET /static/admin/img/selector-icons.svg HTTP/1.1" 200 3291
"GET /static/admin/img/icon-unknown.svg HTTP/1.1" 200 655
"POST /admin/auth/user/1/change/ HTTP/1.1" 302 0
"GET /admin/auth/user/ HTTP/1.1" 200 11526
"GET /admin/jsi18n/ HTTP/1.1" 200 16066
"GET /admin/jsi18n/ HTTP/1.1" 200 16066
"GET /admin/auth/user/1/change/ HTTP/1.1" 200 23460
"GET /admin/jsi18n/ HTTP/1.1" 200 16066
"GET /admin/jsi18n/ HTTP/1.1" 200 16066
"GET /admin/auth/user/ HTTP/1.1" 200 11305
"GET /admin/auth/user/1/change/ HTTP/1.1" 200 23460
"GET /admin/jsi18n/ HTTP/1.1" 200 16066
"GET /admin/auth/user/ HTTP/1.1" 200 11305
"GET /admin/jsi18n/ HTTP/1.1" 200 16066
F:\Python\django\HomeWorkSite\HomeWorkapp3\admin.py changed, reloading.
Watching for file changes with StatReloader
"GET /admin/auth/user/ HTTP/1.1" 200 12505
"GET /admin/jsi18n/ HTTP/1.1" 200 16066
"GET /admin/HomeWorkapp3/order/ HTTP/1.1" 200 12584
"GET /admin/jsi18n/ HTTP/1.1" 200 16066
"GET /admin/HomeWorkapp3/product/ HTTP/1.1" 200 15094
"GET /admin/jsi18n/ HTTP/1.1" 200 16066
"GET /admin/HomeWorkapp3/user/ HTTP/1.1" 200 15055
"GET /admin/jsi18n/ HTTP/1.1" 200 16066
"GET /admin/HomeWorkapp3/order/ HTTP/1.1" 200 12584
"GET /admin/jsi18n/ HTTP/1.1" 200 16066
"GET /admin/HomeWorkapp3/ HTTP/1.1" 200 6275
"GET /admin/HomeWorkapp3/order/ HTTP/1.1" 200 12584
F:\Python\django\HomeWorkSite\HomeWorkapp3\models.py changed, reloading.
Watching for file changes with StatReloader
"GET /admin/HomeWorkapp3/order/10/change/ HTTP/1.1" 200 17065
"GET /admin/jsi18n/ HTTP/1.1" 200 16066
"GET /static/admin/img/icon-viewlink.svg HTTP/1.1" 200 581
"GET /admin/HomeWorkapp3/order/ HTTP/1.1" 200 12584
"GET /admin/HomeWorkapp3/product/ HTTP/1.1" 200 15094
"GET /admin/jsi18n/ HTTP/1.1" 200 16066
"GET /admin/HomeWorkapp3/product/20/change/ HTTP/1.1" 200 12325
"GET /admin/jsi18n/ HTTP/1.1" 200 16066
"GET /admin/HomeWorkapp3/user/ HTTP/1.1" 200 15055
"GET /admin/jsi18n/ HTTP/1.1" 200 16066
"GET /admin/HomeWorkapp3/user/21/change/ HTTP/1.1" 200 12344
"GET /admin/jsi18n/ HTTP/1.1" 200 16066
"GET /admin/jsi18n/ HTTP/1.1" 200 16066
"GET /admin/HomeWorkapp3/product/ HTTP/1.1" 200 15094
"GET /admin/jsi18n/ HTTP/1.1" 200 16066
"GET /admin/jsi18n/ HTTP/1.1" 200 16066
"GET /admin/HomeWorkapp3/product/add/ HTTP/1.1" 200 11873
"GET /admin/jsi18n/ HTTP/1.1" 200 16066
"GET /admin/jsi18n/ HTTP/1.1" 200 16066
"GET /admin/HomeWorkapp3/order/ HTTP/1.1" 200 12584
"GET /admin/jsi18n/ HTTP/1.1" 200 16066
"GET /admin/jsi18n/ HTTP/1.1" 200 16066
"GET /admin/HomeWorkapp3/order/add/ HTTP/1.1" 200 16518
"GET /admin/jsi18n/ HTTP/1.1" 200 16066
"GET /admin/jsi18n/ HTTP/1.1" 200 16066
"POST /admin/HomeWorkapp3/order/add/ HTTP/1.1" 302 0
"GET /admin/HomeWorkapp3/order/ HTTP/1.1" 200 13195
"GET /admin/jsi18n/ HTTP/1.1" 200 16066
"GET /admin/jsi18n/ HTTP/1.1" 200 16066
"GET / HTTP/1.1" 200 1664
F:\Python\django\HomeWorkSite\HomeWorkapp3\views.py changed, reloading.
Watching for file changes with StatReloader
F:\Python\django\HomeWorkSite\HomeWorkapp3\views.py changed, reloading.
Watching for file changes with StatReloader
F:\Python\django\HomeWorkSite\HomeWorkapp3\views.py changed, reloading.
Watching for file changes with StatReloader
Not Found: /orders
"GET /orders HTTP/1.1" 404 3236
Not Found: /orders/1
"GET /orders/1 HTTP/1.1" 404 3242
"GET / HTTP/1.1" 200 1664
Not Found: /users
"GET /users HTTP/1.1" 404 3233
"GET /user_sorted/3/1/ HTTP/1.1" 200 270
F:\Python\django\HomeWorkSite\HomeWorkapp3\urls.py changed, reloading.
Watching for file changes with StatReloader
"GET / HTTP/1.1" 200 1664
"GET /users HTTP/1.1" 301 0
"GET /users/ HTTP/1.1" 200 2223
F:\Python\django\HomeWorkSite\HomeWorkapp3\views.py changed, reloading.
Watching for file changes with StatReloader
"GET / HTTP/1.1" 200 2810
"GET /product_update_id HTTP/1.1" 301 0
"GET /product_update_id/ HTTP/1.1" 200 1288
"POST /product_update_id/ HTTP/1.1" 302 0
"GET /product_update/3 HTTP/1.1" 200 1304
"GET /product_update_id/ HTTP/1.1" 200 1288
"GET /users/ HTTP/1.1" 200 2223
"GET / HTTP/1.1" 200 1308
F:\Python\django\HomeWorkSite\HomeWorkapp3\admin.py changed, reloading.
Watching for file changes with StatReloader
"GET / HTTP/1.1" 200 1306
F:\Python\django\HomeWorkSite\HomeWorkapp3\admin.py changed, reloading.
Watching for file changes with StatReloader
F:\Python\django\HomeWorkSite\HomeWorkapp3\admin.py changed, reloading.
Watching for file changes with StatReloader
"GET /admin/ HTTP/1.1" 200 8196
"GET /admin/HomeWorkapp3/product/ HTTP/1.1" 200 14585
"GET /admin/jsi18n/ HTTP/1.1" 200 16066
"GET /admin/jsi18n/ HTTP/1.1" 200 16066
"GET /admin/HomeWorkapp3/product/20/change/ HTTP/1.1" 200 12325
"GET /admin/jsi18n/ HTTP/1.1" 200 16066
"GET /admin/jsi18n/ HTTP/1.1" 200 16066
"GET /admin/HomeWorkapp3/product/ HTTP/1.1" 200 14585
"GET /admin/HomeWorkapp3/product/?o=1 HTTP/1.1" 200 15433
"GET /admin/jsi18n/ HTTP/1.1" 200 16066
"GET /admin/jsi18n/ HTTP/1.1" 200 16066
"GET /admin/HomeWorkapp3/product/?o=-1 HTTP/1.1" 200 15455
"GET /admin/jsi18n/ HTTP/1.1" 200 16066
"GET /admin/jsi18n/ HTTP/1.1" 200 16066
"GET /admin/HomeWorkapp3/product/?o=2.-1 HTTP/1.1" 200 15979
"GET /admin/jsi18n/ HTTP/1.1" 200 16066
"GET /admin/jsi18n/ HTTP/1.1" 200 16066
"GET /admin/HomeWorkapp3/user/ HTTP/1.1" 200 15055
"GET /admin/jsi18n/ HTTP/1.1" 200 16066
"GET /admin/jsi18n/ HTTP/1.1" 200 16066
"GET /admin/HomeWorkapp3/product/?o=2.-1 HTTP/1.1" 200 15979
F:\Python\django\HomeWorkSite\HomeWorkapp3\admin.py changed, reloading.
Watching for file changes with StatReloader
"GET /admin/HomeWorkapp3/user/ HTTP/1.1" 200 15055
"GET /admin/jsi18n/ HTTP/1.1" 200 16066
"GET /admin/jsi18n/ HTTP/1.1" 200 16066
F:\Python\django\HomeWorkSite\HomeWorkapp3\admin.py changed, reloading.
Watching for file changes with StatReloader
F:\Python\django\HomeWorkSite\HomeWorkapp3\admin.py changed, reloading.
Watching for file changes with StatReloader
"GET /admin/HomeWorkapp3/user/ HTTP/1.1" 200 16405
"GET /admin/jsi18n/ HTTP/1.1" 200 16066
"GET /admin/jsi18n/ HTTP/1.1" 200 16066
"GET /admin/HomeWorkapp3/product/ HTTP/1.1" 200 14585
"GET /admin/jsi18n/ HTTP/1.1" 200 16066
"GET /admin/jsi18n/ HTTP/1.1" 200 16066
"GET /admin/HomeWorkapp3/user/ HTTP/1.1" 200 16405
"GET /admin/jsi18n/ HTTP/1.1" 200 16066
"GET /admin/jsi18n/ HTTP/1.1" 200 16066
"GET /admin/HomeWorkapp3/order/ HTTP/1.1" 200 12892
"GET /admin/jsi18n/ HTTP/1.1" 200 16066
"GET /admin/jsi18n/ HTTP/1.1" 200 16066
"GET /admin/HomeWorkapp3/user/ HTTP/1.1" 200 16405
"GET /admin/jsi18n/ HTTP/1.1" 200 16066
F:\Python\django\HomeWorkSite\HomeWorkapp3\admin.py changed, reloading.
Watching for file changes with StatReloader
"GET /admin/HomeWorkapp3/order/ HTTP/1.1" 200 12892
"GET /admin/jsi18n/ HTTP/1.1" 200 16066
F:\Python\django\HomeWorkSite\HomeWorkapp3\admin.py changed, reloading.
Watching for file changes with StatReloader
F:\Python\django\HomeWorkSite\HomeWorkapp3\admin.py changed, reloading.
Watching for file changes with StatReloader
"GET /admin/HomeWorkapp3/order/ HTTP/1.1" 200 14163
"GET /admin/jsi18n/ HTTP/1.1" 200 16066
"GET /admin/jsi18n/ HTTP/1.1" 200 16066
"GET /admin/HomeWorkapp3/order/ HTTP/1.1" 200 14163
"GET /admin/jsi18n/ HTTP/1.1" 200 16066
"GET /admin/jsi18n/ HTTP/1.1" 200 16066
"GET /admin/HomeWorkapp3/product/ HTTP/1.1" 200 14585
"GET /admin/jsi18n/ HTTP/1.1" 200 16066
"GET /admin/jsi18n/ HTTP/1.1" 200 16066
"GET /admin/HomeWorkapp3/user/ HTTP/1.1" 200 16405
"GET /admin/jsi18n/ HTTP/1.1" 200 16066
"GET /admin/jsi18n/ HTTP/1.1" 200 16066
"GET /admin/HomeWorkapp3/product/ HTTP/1.1" 200 14585
"GET /admin/jsi18n/ HTTP/1.1" 200 16066
"GET /admin/jsi18n/ HTTP/1.1" 200 16066
"GET /admin/HomeWorkapp3/order/ HTTP/1.1" 200 14163
"GET /admin/jsi18n/ HTTP/1.1" 200 16066
F:\Python\django\HomeWorkSite\HomeWorkapp3\admin.py changed, reloading.
Watching for file changes with StatReloader
"GET /admin/HomeWorkapp3/product/ HTTP/1.1" 200 15405
"GET /admin/jsi18n/ HTTP/1.1" 200 16066
"GET /admin/HomeWorkapp3/user/ HTTP/1.1" 200 16405
"GET /admin/jsi18n/ HTTP/1.1" 200 16066
"GET /admin/HomeWorkapp3/order/ HTTP/1.1" 200 14163
"GET /admin/jsi18n/ HTTP/1.1" 200 16066
"GET /admin/HomeWorkapp3/order/11/change/ HTTP/1.1" 200 17041
"GET /admin/jsi18n/ HTTP/1.1" 200 16066
"GET /admin/HomeWorkapp3/order/ HTTP/1.1" 200 14163
"GET /admin/HomeWorkapp3/product/ HTTP/1.1" 200 15405
"GET /admin/jsi18n/ HTTP/1.1" 200 16066
"GET /admin/HomeWorkapp3/user/ HTTP/1.1" 200 16405
"GET /admin/jsi18n/ HTTP/1.1" 200 16066
"GET /admin/HomeWorkapp3/order/ HTTP/1.1" 200 14163
"GET /admin/jsi18n/ HTTP/1.1" 200 16066
"GET /admin/HomeWorkapp3/user/ HTTP/1.1" 200 16405
"GET /admin/jsi18n/ HTTP/1.1" 200 16066
"GET /admin/HomeWorkapp3/product/ HTTP/1.1" 200 15405
"GET /admin/jsi18n/ HTTP/1.1" 200 16066
"GET /admin/HomeWorkapp3/order/ HTTP/1.1" 200 14163
"GET /admin/jsi18n/ HTTP/1.1" 200 16066
"GET /admin/HomeWorkapp3/user/ HTTP/1.1" 200 16405
"GET /admin/jsi18n/ HTTP/1.1" 200 16066
"GET /admin/HomeWorkapp3/product/ HTTP/1.1" 200 15405
"GET /admin/jsi18n/ HTTP/1.1" 200 16066
"GET /admin/HomeWorkapp3/order/ HTTP/1.1" 200 14163
"GET /admin/jsi18n/ HTTP/1.1" 200 16066
"GET /admin/HomeWorkapp3/product/ HTTP/1.1" 200 15405
"GET /admin/jsi18n/ HTTP/1.1" 200 16066
"GET /admin/HomeWorkapp3/user/ HTTP/1.1" 200 16405
"GET /admin/jsi18n/ HTTP/1.1" 200 16066
"GET /admin/HomeWorkapp3/product/ HTTP/1.1" 200 15405
"GET /admin/jsi18n/ HTTP/1.1" 200 16066
"GET /admin/HomeWorkapp3/order/ HTTP/1.1" 200 14163
"GET /admin/jsi18n/ HTTP/1.1" 200 16066
"GET /admin/HomeWorkapp3/product/ HTTP/1.1" 200 15405
"GET /admin/jsi18n/ HTTP/1.1" 200 16066
"GET /admin/HomeWorkapp3/user/ HTTP/1.1" 200 16405
"GET /admin/jsi18n/ HTTP/1.1" 200 16066
"GET /admin/HomeWorkapp3/product/ HTTP/1.1" 200 15405
"GET /admin/jsi18n/ HTTP/1.1" 200 16066
F:\Python\django\HomeWorkSite\HomeWorkapp3\admin.py changed, reloading.
Watching for file changes with StatReloader
"GET /admin/HomeWorkapp3/user/ HTTP/1.1" 200 16405
"GET /admin/jsi18n/ HTTP/1.1" 200 16066
"GET /admin/HomeWorkapp3/order/ HTTP/1.1" 200 14163
"GET /admin/jsi18n/ HTTP/1.1" 200 16066
"GET /admin/HomeWorkapp3/product/ HTTP/1.1" 200 15405
"GET /admin/jsi18n/ HTTP/1.1" 200 16066
"GET /admin/HomeWorkapp3/user/ HTTP/1.1" 200 16405
"GET /admin/jsi18n/ HTTP/1.1" 200 16066
"GET /admin/HomeWorkapp3/order/ HTTP/1.1" 200 14163
"GET /admin/jsi18n/ HTTP/1.1" 200 16066
"GET /admin/HomeWorkapp3/product/ HTTP/1.1" 200 15405
"GET /admin/jsi18n/ HTTP/1.1" 200 16066
"GET /admin/HomeWorkapp3/user/ HTTP/1.1" 200 16405
"GET /admin/jsi18n/ HTTP/1.1" 200 16066
"GET /admin/HomeWorkapp3/order/ HTTP/1.1" 200 14163
"GET /admin/jsi18n/ HTTP/1.1" 200 16066
"GET /admin/jsi18n/ HTTP/1.1" 200 16066
"GET /admin/HomeWorkapp3/product/ HTTP/1.1" 200 15405
"GET /admin/jsi18n/ HTTP/1.1" 200 16066
"GET /admin/jsi18n/ HTTP/1.1" 200 16066
"GET /admin/HomeWorkapp3/user/ HTTP/1.1" 200 16405
"GET /admin/jsi18n/ HTTP/1.1" 200 16066
"GET /admin/jsi18n/ HTTP/1.1" 200 16066
"GET /admin/HomeWorkapp3/product/ HTTP/1.1" 200 15405
"GET /admin/jsi18n/ HTTP/1.1" 200 16066
"GET /admin/jsi18n/ HTTP/1.1" 200 16066
"GET /admin/HomeWorkapp3/order/ HTTP/1.1" 200 14163
"GET /admin/jsi18n/ HTTP/1.1" 200 16066
"GET /admin/jsi18n/ HTTP/1.1" 200 16066
"GET /admin/HomeWorkapp3/product/ HTTP/1.1" 200 15405
"GET /admin/jsi18n/ HTTP/1.1" 200 16066
"GET /admin/jsi18n/ HTTP/1.1" 200 16066
"GET /admin/HomeWorkapp3/user/ HTTP/1.1" 200 16405
"GET /admin/jsi18n/ HTTP/1.1" 200 16066
"GET /admin/jsi18n/ HTTP/1.1" 200 16066
"GET /admin/HomeWorkapp3/order/ HTTP/1.1" 200 14163
"GET /admin/jsi18n/ HTTP/1.1" 200 16066
"GET /admin/jsi18n/ HTTP/1.1" 200 16066
